<?xml version="1.0" encoding="utf-8"?><testsuites><testsuite errors="0" failures="0" hostname="pop-os" name="pytest" skipped="0" tests="0" time="0.006" timestamp="2021-02-24T10:59:41.330687"></testsuite></testsuites>